PCAD Importer Log
Project : SMA_CONNECTOR.LibPkg

Section : C:\Users\lukas\Downloads\biblioteki\zlacze antenowe\SMA_CONNECTOR\SMA_CONNECTOR.lia
    Section : PCB Library - SMA_CONNECTOR.PcbLib
        Section : Load Messages
            Warning - 1 : Skipping Token SMA_CONNECTOR On Line 123
            Warning - 1 : Skipping Token attachedSymbol On Line 220
        EndSection

        Section : Import Messages
        EndSection
    EndSection

    Section : SCH Library - SMA_CONNECTOR.SchLib
        Section : Parsing Messages
            Warning - 1 : Skipping Token padStyleDef On Line 9
            Warning - 1 : Skipping Token padStyleDef On Line 21
            Warning - 1 : Skipping Token multiLayer On Line 96
            Warning - 1 : Skipping Token layerContents On Line 103
            Warning - 1 : Skipping Token layerContents On Line 109
        EndSection

        Section : Generating SCH Library - SMA_CONNECTOR.SchLib
        EndSection
    EndSection
EndSection
